-----------------------------------------------------------------------------------------------
------------------------------------- Model 1 --------------------------------------------------
-----------------------------------------------------------------------------------------------
Weights: /home/labsig/Documents/Axelle/cytomine/cbir-tfe/weights_folder/resnet/v0_alan/epoch_49
Indexing
Loaded pretrained weights for efficientnet-b0
Time of the model: 2.0115702152252197
Time of the transfer: 60.655006408691406
Time of the indexing: 3.589290142059326
T_indexing = 82.6561062335968
stat
Loaded pretrained weights for efficientnet-b0
Top 1 accuracy:  0.7291666666666667  +-  0.010638695728932146
Top 5 accuracy:  0.8641865079365079  +-  0.007429886644187627
Maj accuracy:  0.7336309523809524  +-  0.009191991575316288
Top 1 accuracy on project:  1.0  +-  0.0
Top 5 accuracy on project:  1.0  +-  0.0
Maj accuracy on project:  1.0  +-  0.0
Top 1 accuracy on sim:  1.0  +-  0.0
Top 5 accuracy on sim:  1.0  +-  0.0
Maj accuracy on sim:  1.0  +-  0.0
t_tot: 0.01094124896853578 +- 0.0009537533371529207
t_model: 0.003506483260323019 +- 0.00036955230320427125
t_transfer: 4.333806972877652e-05 +- 1.469078885619494e-06
t model complet: 0.0035498213300517957 +- 0.00036842086575817663
t_search: 0.007095743978724761 +- 0.0005809134691601157
all
Loaded pretrained weights for efficientnet-b0
top-1 accuracy :  [0.72952646]
top-5 accuracy :  [0.86643454]
top-1 accuracy proj :  [1.]
top-5 accuracy proj :  [1.]
top-1 accuracy sim :  [1.]
top-5 accuracy sim :  [1.]
maj accuracy class :  [0.73788301]
maj accuracy proj :  [1.]
maj accuracy sim :  [1.]
t_tot: 76.77144956588745
t_model: 24.537216663360596
t_transfer: 0.3347890377044678
t_search: 49.77793598175049
weighted
Loaded pretrained weights for efficientnet-b0
top-1 accuracy :  [0.72692279]
top-5 accuracy :  [0.86362241]
top-1 accuracy proj :  [1.]
top-5 accuracy proj :  [1.]
top-1 accuracy sim :  [1.]
top-5 accuracy sim :  [1.]
maj accuracy class :  [0.73540901]
maj accuracy proj :  [1.]
maj accuracy sim :  [1.]
t_tot: 79.88058948516846
t_model: 25.423657655715942
t_transfer: 0.3216278553009033
t_search: 51.986875772476196
-----------------------------------------------------------------------------------------------
------------------------------------- Model 1 --------------------------------------------------
-----------------------------------------------------------------------------------------------
Weights: /home/labsig/Documents/Axelle/cytomine/cbir-tfe/weights_folder/resnet/v0_alan/epoch_49
Indexing
Loaded pretrained weights for efficientnet-b0
Time of the model: 2.3496832847595215
Time of the transfer: 60.50973653793335
Time of the indexing: 3.6226024627685547
T_indexing = 82.5866904258728
stat
Loaded pretrained weights for efficientnet-b0
Top 1 accuracy:  0.808531746031746  +-  0.00918931442611857
Top 5 accuracy:  0.9088293650793651  +-  0.008364572023107643
Maj accuracy:  0.8194444444444444  +-  0.009124827212354691
Top 1 accuracy on project:  1.0  +-  0.0
Top 5 accuracy on project:  1.0  +-  0.0
Maj accuracy on project:  1.0  +-  0.0
Top 1 accuracy on sim:  1.0  +-  0.0
Top 5 accuracy on sim:  1.0  +-  0.0
Maj accuracy on sim:  1.0  +-  0.0
t_tot: 0.012921863981321747 +- 0.00047836121166558475
t_model: 0.004074665004131841 +- 0.00016375428518841098
t_transfer: 4.660173958423091e-05 +- 4.960390420692177e-07
t model complet: 0.004121266743716072 +- 0.00016412874397383714
t_search: 0.008494481946907792 +- 0.00032531932662801773
all
Loaded pretrained weights for efficientnet-b0
top-1 accuracy :  [0.83746518]
top-5 accuracy :  [0.93231198]
top-1 accuracy proj :  [1.]
top-5 accuracy proj :  [1.]
top-1 accuracy sim :  [1.]
top-5 accuracy sim :  [1.]
maj accuracy class :  [0.85222841]
maj accuracy proj :  [1.]
maj accuracy sim :  [1.]
t_tot: 92.75578951835632
t_model: 29.46930980682373
t_transfer: 0.33995699882507324
t_search: 60.73341941833496
weighted
Loaded pretrained weights for efficientnet-b0
top-1 accuracy :  [0.80944103]
top-5 accuracy :  [0.91132459]
top-1 accuracy proj :  [1.]
top-5 accuracy proj :  [1.]
top-1 accuracy sim :  [1.]
top-5 accuracy sim :  [1.]
maj accuracy class :  [0.82297409]
maj accuracy proj :  [1.]
maj accuracy sim :  [1.]
t_tot: 88.87760400772095
t_model: 27.61105966567993
t_transfer: 0.3369746208190918
t_search: 58.73331308364868
