/home/labsig/anaconda3/envs/phd/lib/python3.9/site-packages/scipy/__init__.py:138: UserWarning: A NumPy version >=1.16.5 and <1.23.0 is required for this version of SciPy (detected version 1.26.2)
  warnings.warn(f"A NumPy version >={np_minversion} and <{np_maxversion} is required for this version of "
Some weights of DeiTForImageClassification were not initialized from the model checkpoint at facebook/deit-base-distilled-patch16-224 and are newly initialized: ['classifier.weight', 'classifier.bias']
You should probably TRAIN this model on a down-stream task to be able to use it for predictions and inference.
/home/labsig/anaconda3/envs/phd/lib/python3.9/site-packages/torch/nn/parallel/data_parallel.py:33: UserWarning: 
    There is an imbalance between your GPUs. You may want to exclude GPU 1 which
    has less than 75% of the memory or cores of GPU 0. You can do so by setting
    the device_ids argument to DataParallel, or by setting the CUDA_VISIBLE_DEVICES
    environment variable.
  warnings.warn(imbalance_warn.format(device_ids[min_pos], device_ids[max_pos]))
/home/labsig/anaconda3/envs/phd/lib/python3.9/site-packages/torch/nn/utils/weight_norm.py:30: UserWarning: torch.nn.utils.weight_norm is deprecated in favor of torch.nn.utils.parametrizations.weight_norm.
  warnings.warn("torch.nn.utils.weight_norm is deprecated in favor of torch.nn.utils.parametrizations.weight_norm.")
/home/labsig/anaconda3/envs/phd/lib/python3.9/site-packages/scipy/__init__.py:138: UserWarning: A NumPy version >=1.16.5 and <1.23.0 is required for this version of SciPy (detected version 1.26.2)
  warnings.warn(f"A NumPy version >={np_minversion} and <{np_maxversion} is required for this version of "
Some weights of DeiTForImageClassification were not initialized from the model checkpoint at facebook/deit-base-distilled-patch16-224 and are newly initialized: ['classifier.weight', 'classifier.bias']
You should probably TRAIN this model on a down-stream task to be able to use it for predictions and inference.
/home/labsig/anaconda3/envs/phd/lib/python3.9/site-packages/torch/nn/parallel/data_parallel.py:33: UserWarning: 
    There is an imbalance between your GPUs. You may want to exclude GPU 1 which
    has less than 75% of the memory or cores of GPU 0. You can do so by setting
    the device_ids argument to DataParallel, or by setting the CUDA_VISIBLE_DEVICES
    environment variable.
  warnings.warn(imbalance_warn.format(device_ids[min_pos], device_ids[max_pos]))
/home/labsig/anaconda3/envs/phd/lib/python3.9/site-packages/torch/nn/utils/weight_norm.py:30: UserWarning: torch.nn.utils.weight_norm is deprecated in favor of torch.nn.utils.parametrizations.weight_norm.
  warnings.warn("torch.nn.utils.weight_norm is deprecated in favor of torch.nn.utils.parametrizations.weight_norm.")
/home/labsig/Documents/Axelle/cytomine/cbir-tfe/database/test_accuracy.py:598: DeprecationWarning: Conversion of an array with ndim > 0 to a scalar is deprecated, and will error in future. Ensure you extract a single element from your array before performing this operation. (Deprecated NumPy 1.25.)
  top_1_acc[0][i], top_5_acc[0][i], top_1_acc[1][i], top_5_acc[1][i], top_1_acc[2][i], top_5_acc[2][i], maj_acc[0][i], maj_acc[1][i], maj_acc[2][i], ts[0][i], ts[1][i], ts[2][i], ts[3][i] =  test(model, "",  dataset, db_name, extractor, "random", generalise, project_name, class_name, False, label = label, stat = True)
/home/labsig/anaconda3/envs/phd/lib/python3.9/site-packages/scipy/__init__.py:138: UserWarning: A NumPy version >=1.16.5 and <1.23.0 is required for this version of SciPy (detected version 1.26.2)
  warnings.warn(f"A NumPy version >={np_minversion} and <{np_maxversion} is required for this version of "
Some weights of DeiTForImageClassification were not initialized from the model checkpoint at facebook/deit-base-distilled-patch16-224 and are newly initialized: ['classifier.weight', 'classifier.bias']
You should probably TRAIN this model on a down-stream task to be able to use it for predictions and inference.
/home/labsig/anaconda3/envs/phd/lib/python3.9/site-packages/torch/nn/parallel/data_parallel.py:33: UserWarning: 
    There is an imbalance between your GPUs. You may want to exclude GPU 1 which
    has less than 75% of the memory or cores of GPU 0. You can do so by setting
    the device_ids argument to DataParallel, or by setting the CUDA_VISIBLE_DEVICES
    environment variable.
  warnings.warn(imbalance_warn.format(device_ids[min_pos], device_ids[max_pos]))
/home/labsig/anaconda3/envs/phd/lib/python3.9/site-packages/torch/nn/utils/weight_norm.py:30: UserWarning: torch.nn.utils.weight_norm is deprecated in favor of torch.nn.utils.parametrizations.weight_norm.
  warnings.warn("torch.nn.utils.weight_norm is deprecated in favor of torch.nn.utils.parametrizations.weight_norm.")
/home/labsig/anaconda3/envs/phd/lib/python3.9/site-packages/scipy/__init__.py:138: UserWarning: A NumPy version >=1.16.5 and <1.23.0 is required for this version of SciPy (detected version 1.26.2)
  warnings.warn(f"A NumPy version >={np_minversion} and <{np_maxversion} is required for this version of "
Some weights of DeiTForImageClassification were not initialized from the model checkpoint at facebook/deit-base-distilled-patch16-224 and are newly initialized: ['classifier.bias', 'classifier.weight']
You should probably TRAIN this model on a down-stream task to be able to use it for predictions and inference.
/home/labsig/anaconda3/envs/phd/lib/python3.9/site-packages/torch/nn/parallel/data_parallel.py:33: UserWarning: 
    There is an imbalance between your GPUs. You may want to exclude GPU 1 which
    has less than 75% of the memory or cores of GPU 0. You can do so by setting
    the device_ids argument to DataParallel, or by setting the CUDA_VISIBLE_DEVICES
    environment variable.
  warnings.warn(imbalance_warn.format(device_ids[min_pos], device_ids[max_pos]))
/home/labsig/anaconda3/envs/phd/lib/python3.9/site-packages/torch/nn/utils/weight_norm.py:30: UserWarning: torch.nn.utils.weight_norm is deprecated in favor of torch.nn.utils.parametrizations.weight_norm.
  warnings.warn("torch.nn.utils.weight_norm is deprecated in favor of torch.nn.utils.parametrizations.weight_norm.")
/home/labsig/anaconda3/envs/phd/lib/python3.9/site-packages/scipy/__init__.py:138: UserWarning: A NumPy version >=1.16.5 and <1.23.0 is required for this version of SciPy (detected version 1.26.2)
  warnings.warn(f"A NumPy version >={np_minversion} and <{np_maxversion} is required for this version of "
Some weights of DeiTForImageClassification were not initialized from the model checkpoint at facebook/deit-base-distilled-patch16-224 and are newly initialized: ['classifier.weight', 'classifier.bias']
You should probably TRAIN this model on a down-stream task to be able to use it for predictions and inference.
/home/labsig/anaconda3/envs/phd/lib/python3.9/site-packages/torch/nn/parallel/data_parallel.py:33: UserWarning: 
    There is an imbalance between your GPUs. You may want to exclude GPU 1 which
    has less than 75% of the memory or cores of GPU 0. You can do so by setting
    the device_ids argument to DataParallel, or by setting the CUDA_VISIBLE_DEVICES
    environment variable.
  warnings.warn(imbalance_warn.format(device_ids[min_pos], device_ids[max_pos]))
/home/labsig/anaconda3/envs/phd/lib/python3.9/site-packages/torch/nn/utils/weight_norm.py:30: UserWarning: torch.nn.utils.weight_norm is deprecated in favor of torch.nn.utils.parametrizations.weight_norm.
  warnings.warn("torch.nn.utils.weight_norm is deprecated in favor of torch.nn.utils.parametrizations.weight_norm.")
/home/labsig/anaconda3/envs/phd/lib/python3.9/site-packages/scipy/__init__.py:138: UserWarning: A NumPy version >=1.16.5 and <1.23.0 is required for this version of SciPy (detected version 1.26.2)
  warnings.warn(f"A NumPy version >={np_minversion} and <{np_maxversion} is required for this version of "
Some weights of DeiTForImageClassification were not initialized from the model checkpoint at facebook/deit-base-distilled-patch16-224 and are newly initialized: ['classifier.weight', 'classifier.bias']
You should probably TRAIN this model on a down-stream task to be able to use it for predictions and inference.
/home/labsig/anaconda3/envs/phd/lib/python3.9/site-packages/torch/nn/parallel/data_parallel.py:33: UserWarning: 
    There is an imbalance between your GPUs. You may want to exclude GPU 1 which
    has less than 75% of the memory or cores of GPU 0. You can do so by setting
    the device_ids argument to DataParallel, or by setting the CUDA_VISIBLE_DEVICES
    environment variable.
  warnings.warn(imbalance_warn.format(device_ids[min_pos], device_ids[max_pos]))
/home/labsig/anaconda3/envs/phd/lib/python3.9/site-packages/torch/nn/utils/weight_norm.py:30: UserWarning: torch.nn.utils.weight_norm is deprecated in favor of torch.nn.utils.parametrizations.weight_norm.
  warnings.warn("torch.nn.utils.weight_norm is deprecated in favor of torch.nn.utils.parametrizations.weight_norm.")
/home/labsig/anaconda3/envs/phd/lib/python3.9/site-packages/scipy/__init__.py:138: UserWarning: A NumPy version >=1.16.5 and <1.23.0 is required for this version of SciPy (detected version 1.26.2)
  warnings.warn(f"A NumPy version >={np_minversion} and <{np_maxversion} is required for this version of "
Some weights of DeiTForImageClassification were not initialized from the model checkpoint at facebook/deit-base-distilled-patch16-224 and are newly initialized: ['classifier.weight', 'classifier.bias']
You should probably TRAIN this model on a down-stream task to be able to use it for predictions and inference.
/home/labsig/anaconda3/envs/phd/lib/python3.9/site-packages/torch/nn/parallel/data_parallel.py:33: UserWarning: 
    There is an imbalance between your GPUs. You may want to exclude GPU 1 which
    has less than 75% of the memory or cores of GPU 0. You can do so by setting
    the device_ids argument to DataParallel, or by setting the CUDA_VISIBLE_DEVICES
    environment variable.
  warnings.warn(imbalance_warn.format(device_ids[min_pos], device_ids[max_pos]))
/home/labsig/anaconda3/envs/phd/lib/python3.9/site-packages/torch/nn/utils/weight_norm.py:30: UserWarning: torch.nn.utils.weight_norm is deprecated in favor of torch.nn.utils.parametrizations.weight_norm.
  warnings.warn("torch.nn.utils.weight_norm is deprecated in favor of torch.nn.utils.parametrizations.weight_norm.")
/home/labsig/anaconda3/envs/phd/lib/python3.9/site-packages/scipy/__init__.py:138: UserWarning: A NumPy version >=1.16.5 and <1.23.0 is required for this version of SciPy (detected version 1.26.2)
  warnings.warn(f"A NumPy version >={np_minversion} and <{np_maxversion} is required for this version of "
Some weights of DeiTForImageClassification were not initialized from the model checkpoint at facebook/deit-base-distilled-patch16-224 and are newly initialized: ['classifier.bias', 'classifier.weight']
You should probably TRAIN this model on a down-stream task to be able to use it for predictions and inference.
/home/labsig/anaconda3/envs/phd/lib/python3.9/site-packages/torch/nn/parallel/data_parallel.py:33: UserWarning: 
    There is an imbalance between your GPUs. You may want to exclude GPU 1 which
    has less than 75% of the memory or cores of GPU 0. You can do so by setting
    the device_ids argument to DataParallel, or by setting the CUDA_VISIBLE_DEVICES
    environment variable.
  warnings.warn(imbalance_warn.format(device_ids[min_pos], device_ids[max_pos]))
/home/labsig/anaconda3/envs/phd/lib/python3.9/site-packages/torch/nn/utils/weight_norm.py:30: UserWarning: torch.nn.utils.weight_norm is deprecated in favor of torch.nn.utils.parametrizations.weight_norm.
  warnings.warn("torch.nn.utils.weight_norm is deprecated in favor of torch.nn.utils.parametrizations.weight_norm.")
/home/labsig/anaconda3/envs/phd/lib/python3.9/site-packages/scipy/__init__.py:138: UserWarning: A NumPy version >=1.16.5 and <1.23.0 is required for this version of SciPy (detected version 1.26.2)
  warnings.warn(f"A NumPy version >={np_minversion} and <{np_maxversion} is required for this version of "
Some weights of DeiTForImageClassification were not initialized from the model checkpoint at facebook/deit-base-distilled-patch16-224 and are newly initialized: ['classifier.weight', 'classifier.bias']
You should probably TRAIN this model on a down-stream task to be able to use it for predictions and inference.
/home/labsig/anaconda3/envs/phd/lib/python3.9/site-packages/torch/nn/parallel/data_parallel.py:33: UserWarning: 
    There is an imbalance between your GPUs. You may want to exclude GPU 1 which
    has less than 75% of the memory or cores of GPU 0. You can do so by setting
    the device_ids argument to DataParallel, or by setting the CUDA_VISIBLE_DEVICES
    environment variable.
  warnings.warn(imbalance_warn.format(device_ids[min_pos], device_ids[max_pos]))
/home/labsig/anaconda3/envs/phd/lib/python3.9/site-packages/torch/nn/utils/weight_norm.py:30: UserWarning: torch.nn.utils.weight_norm is deprecated in favor of torch.nn.utils.parametrizations.weight_norm.
  warnings.warn("torch.nn.utils.weight_norm is deprecated in favor of torch.nn.utils.parametrizations.weight_norm.")
/home/labsig/anaconda3/envs/phd/lib/python3.9/site-packages/scipy/__init__.py:138: UserWarning: A NumPy version >=1.16.5 and <1.23.0 is required for this version of SciPy (detected version 1.26.2)
  warnings.warn(f"A NumPy version >={np_minversion} and <{np_maxversion} is required for this version of "
Some weights of DeiTForImageClassification were not initialized from the model checkpoint at facebook/deit-base-distilled-patch16-224 and are newly initialized: ['classifier.bias', 'classifier.weight']
You should probably TRAIN this model on a down-stream task to be able to use it for predictions and inference.
/home/labsig/anaconda3/envs/phd/lib/python3.9/site-packages/torch/nn/parallel/data_parallel.py:33: UserWarning: 
    There is an imbalance between your GPUs. You may want to exclude GPU 1 which
    has less than 75% of the memory or cores of GPU 0. You can do so by setting
    the device_ids argument to DataParallel, or by setting the CUDA_VISIBLE_DEVICES
    environment variable.
  warnings.warn(imbalance_warn.format(device_ids[min_pos], device_ids[max_pos]))
/home/labsig/anaconda3/envs/phd/lib/python3.9/site-packages/torch/nn/utils/weight_norm.py:30: UserWarning: torch.nn.utils.weight_norm is deprecated in favor of torch.nn.utils.parametrizations.weight_norm.
  warnings.warn("torch.nn.utils.weight_norm is deprecated in favor of torch.nn.utils.parametrizations.weight_norm.")
/home/labsig/Documents/Axelle/cytomine/cbir-tfe/database/test_accuracy.py:599: DeprecationWarning: Conversion of an array with ndim > 0 to a scalar is deprecated, and will error in future. Ensure you extract a single element from your array before performing this operation. (Deprecated NumPy 1.25.)
  top_1_acc[0][i], top_5_acc[0][i], top_1_acc[1][i], top_5_acc[1][i], top_1_acc[2][i], top_5_acc[2][i], maj_acc[0][i], maj_acc[1][i], maj_acc[2][i], ts[0][i], ts[1][i], ts[2][i], ts[3][i] =  test(model, "",  dataset, db_name, extractor, "random", generalise, project_name, class_name, False, label = label, stat = True)
Traceback (most recent call last):
  File "/home/labsig/Documents/Axelle/cytomine/cbir-tfe/database/test_accuracy.py", line 735, in <module>
    stat(model, args.path, args.db_name, args.extractor, args.generalise, args.project_name, args.class_name, args.retrieve_class)
  File "/home/labsig/Documents/Axelle/cytomine/cbir-tfe/database/test_accuracy.py", line 599, in stat
    top_1_acc[0][i], top_5_acc[0][i], top_1_acc[1][i], top_5_acc[1][i], top_1_acc[2][i], top_5_acc[2][i], maj_acc[0][i], maj_acc[1][i], maj_acc[2][i], ts[0][i], ts[1][i], ts[2][i], ts[3][i] =  test(model, "",  dataset, db_name, extractor, "random", generalise, project_name, class_name, False, label = label, stat = True)
  File "/home/labsig/Documents/Axelle/cytomine/cbir-tfe/database/test_accuracy.py", line 508, in test
    names, _, t_model_tmp, t_search_tmp, t_transfer_tmp = database.search(image, extractor, generalise=generalise)
  File "/home/labsig/anaconda3/envs/phd/lib/python3.9/site-packages/torch/utils/_contextlib.py", line 115, in decorate_context
    return func(*args, **kwargs)
  File "/home/labsig/Documents/Axelle/cytomine/cbir-tfe/database/db.py", line 181, in search
    out = self.model(image)
  File "/home/labsig/anaconda3/envs/phd/lib/python3.9/site-packages/torch/nn/modules/module.py", line 1518, in _wrapped_call_impl
    return self._call_impl(*args, **kwargs)
  File "/home/labsig/anaconda3/envs/phd/lib/python3.9/site-packages/torch/nn/modules/module.py", line 1527, in _call_impl
    return forward_call(*args, **kwargs)
  File "/home/labsig/Documents/Axelle/cytomine/cbir-tfe/database/models.py", line 212, in forward
    return self.forward_function(input)
  File "/home/labsig/Documents/Axelle/cytomine/cbir-tfe/database/models.py", line 190, in forward_model
    tensor1 = self.model(input)
  File "/home/labsig/anaconda3/envs/phd/lib/python3.9/site-packages/torch/nn/modules/module.py", line 1518, in _wrapped_call_impl
    return self._call_impl(*args, **kwargs)
  File "/home/labsig/anaconda3/envs/phd/lib/python3.9/site-packages/torch/nn/modules/module.py", line 1527, in _call_impl
    return forward_call(*args, **kwargs)
  File "/home/labsig/anaconda3/envs/phd/lib/python3.9/site-packages/torchvision/models/resnet.py", line 285, in forward
    return self._forward_impl(x)
  File "/home/labsig/anaconda3/envs/phd/lib/python3.9/site-packages/torchvision/models/resnet.py", line 276, in _forward_impl
    x = self.layer4(x)
  File "/home/labsig/anaconda3/envs/phd/lib/python3.9/site-packages/torch/nn/modules/module.py", line 1518, in _wrapped_call_impl
    return self._call_impl(*args, **kwargs)
  File "/home/labsig/anaconda3/envs/phd/lib/python3.9/site-packages/torch/nn/modules/module.py", line 1527, in _call_impl
    return forward_call(*args, **kwargs)
  File "/home/labsig/anaconda3/envs/phd/lib/python3.9/site-packages/torch/nn/modules/container.py", line 215, in forward
    input = module(input)
  File "/home/labsig/anaconda3/envs/phd/lib/python3.9/site-packages/torch/nn/modules/module.py", line 1518, in _wrapped_call_impl
    return self._call_impl(*args, **kwargs)
  File "/home/labsig/anaconda3/envs/phd/lib/python3.9/site-packages/torch/nn/modules/module.py", line 1527, in _call_impl
    return forward_call(*args, **kwargs)
  File "/home/labsig/anaconda3/envs/phd/lib/python3.9/site-packages/torchvision/models/resnet.py", line 152, in forward
    out = self.relu(out)
  File "/home/labsig/anaconda3/envs/phd/lib/python3.9/site-packages/torch/nn/modules/module.py", line 1518, in _wrapped_call_impl
    return self._call_impl(*args, **kwargs)
KeyboardInterrupt
/home/labsig/anaconda3/envs/phd/lib/python3.9/site-packages/scipy/__init__.py:138: UserWarning: A NumPy version >=1.16.5 and <1.23.0 is required for this version of SciPy (detected version 1.26.2)
  warnings.warn(f"A NumPy version >={np_minversion} and <{np_maxversion} is required for this version of "
Some weights of DeiTForImageClassification were not initialized from the model checkpoint at facebook/deit-base-distilled-patch16-224 and are newly initialized: ['classifier.bias', 'classifier.weight']
You should probably TRAIN this model on a down-stream task to be able to use it for predictions and inference.
/home/labsig/anaconda3/envs/phd/lib/python3.9/site-packages/torch/nn/parallel/data_parallel.py:33: UserWarning: 
    There is an imbalance between your GPUs. You may want to exclude GPU 1 which
    has less than 75% of the memory or cores of GPU 0. You can do so by setting
    the device_ids argument to DataParallel, or by setting the CUDA_VISIBLE_DEVICES
    environment variable.
  warnings.warn(imbalance_warn.format(device_ids[min_pos], device_ids[max_pos]))
/home/labsig/anaconda3/envs/phd/lib/python3.9/site-packages/torch/nn/utils/weight_norm.py:30: UserWarning: torch.nn.utils.weight_norm is deprecated in favor of torch.nn.utils.parametrizations.weight_norm.
  warnings.warn("torch.nn.utils.weight_norm is deprecated in favor of torch.nn.utils.parametrizations.weight_norm.")
/home/labsig/anaconda3/envs/phd/lib/python3.9/site-packages/scipy/__init__.py:138: UserWarning: A NumPy version >=1.16.5 and <1.23.0 is required for this version of SciPy (detected version 1.26.2)
  warnings.warn(f"A NumPy version >={np_minversion} and <{np_maxversion} is required for this version of "
Some weights of DeiTForImageClassification were not initialized from the model checkpoint at facebook/deit-base-distilled-patch16-224 and are newly initialized: ['classifier.bias', 'classifier.weight']
You should probably TRAIN this model on a down-stream task to be able to use it for predictions and inference.
/home/labsig/anaconda3/envs/phd/lib/python3.9/site-packages/torch/nn/parallel/data_parallel.py:33: UserWarning: 
    There is an imbalance between your GPUs. You may want to exclude GPU 1 which
    has less than 75% of the memory or cores of GPU 0. You can do so by setting
    the device_ids argument to DataParallel, or by setting the CUDA_VISIBLE_DEVICES
    environment variable.
  warnings.warn(imbalance_warn.format(device_ids[min_pos], device_ids[max_pos]))
/home/labsig/anaconda3/envs/phd/lib/python3.9/site-packages/torch/nn/utils/weight_norm.py:30: UserWarning: torch.nn.utils.weight_norm is deprecated in favor of torch.nn.utils.parametrizations.weight_norm.
  warnings.warn("torch.nn.utils.weight_norm is deprecated in favor of torch.nn.utils.parametrizations.weight_norm.")
/home/labsig/Documents/Axelle/cytomine/cbir-tfe/database/test_accuracy.py:598: DeprecationWarning: Conversion of an array with ndim > 0 to a scalar is deprecated, and will error in future. Ensure you extract a single element from your array before performing this operation. (Deprecated NumPy 1.25.)
  top_1_acc[0][i], top_5_acc[0][i], top_1_acc[1][i], top_5_acc[1][i], top_1_acc[2][i], top_5_acc[2][i], maj_acc[0][i], maj_acc[1][i], maj_acc[2][i], ts[0][i], ts[1][i], ts[2][i], ts[3][i] =  test(model, "",  dataset, db_name, extractor, "random", generalise, project_name, class_name, False, label = label, stat = True)
/home/labsig/anaconda3/envs/phd/lib/python3.9/site-packages/scipy/__init__.py:138: UserWarning: A NumPy version >=1.16.5 and <1.23.0 is required for this version of SciPy (detected version 1.26.2)
  warnings.warn(f"A NumPy version >={np_minversion} and <{np_maxversion} is required for this version of "
Some weights of DeiTForImageClassification were not initialized from the model checkpoint at facebook/deit-base-distilled-patch16-224 and are newly initialized: ['classifier.weight', 'classifier.bias']
You should probably TRAIN this model on a down-stream task to be able to use it for predictions and inference.
/home/labsig/anaconda3/envs/phd/lib/python3.9/site-packages/torch/nn/parallel/data_parallel.py:33: UserWarning: 
    There is an imbalance between your GPUs. You may want to exclude GPU 1 which
    has less than 75% of the memory or cores of GPU 0. You can do so by setting
    the device_ids argument to DataParallel, or by setting the CUDA_VISIBLE_DEVICES
    environment variable.
  warnings.warn(imbalance_warn.format(device_ids[min_pos], device_ids[max_pos]))
/home/labsig/anaconda3/envs/phd/lib/python3.9/site-packages/torch/nn/utils/weight_norm.py:30: UserWarning: torch.nn.utils.weight_norm is deprecated in favor of torch.nn.utils.parametrizations.weight_norm.
  warnings.warn("torch.nn.utils.weight_norm is deprecated in favor of torch.nn.utils.parametrizations.weight_norm.")
/home/labsig/anaconda3/envs/phd/lib/python3.9/site-packages/scipy/__init__.py:138: UserWarning: A NumPy version >=1.16.5 and <1.23.0 is required for this version of SciPy (detected version 1.26.2)
  warnings.warn(f"A NumPy version >={np_minversion} and <{np_maxversion} is required for this version of "
Some weights of DeiTForImageClassification were not initialized from the model checkpoint at facebook/deit-base-distilled-patch16-224 and are newly initialized: ['classifier.bias', 'classifier.weight']
You should probably TRAIN this model on a down-stream task to be able to use it for predictions and inference.
/home/labsig/anaconda3/envs/phd/lib/python3.9/site-packages/torch/nn/parallel/data_parallel.py:33: UserWarning: 
    There is an imbalance between your GPUs. You may want to exclude GPU 1 which
    has less than 75% of the memory or cores of GPU 0. You can do so by setting
    the device_ids argument to DataParallel, or by setting the CUDA_VISIBLE_DEVICES
    environment variable.
  warnings.warn(imbalance_warn.format(device_ids[min_pos], device_ids[max_pos]))
/home/labsig/anaconda3/envs/phd/lib/python3.9/site-packages/torch/nn/utils/weight_norm.py:30: UserWarning: torch.nn.utils.weight_norm is deprecated in favor of torch.nn.utils.parametrizations.weight_norm.
  warnings.warn("torch.nn.utils.weight_norm is deprecated in favor of torch.nn.utils.parametrizations.weight_norm.")
/home/labsig/anaconda3/envs/phd/lib/python3.9/site-packages/scipy/__init__.py:138: UserWarning: A NumPy version >=1.16.5 and <1.23.0 is required for this version of SciPy (detected version 1.26.2)
  warnings.warn(f"A NumPy version >={np_minversion} and <{np_maxversion} is required for this version of "
Some weights of DeiTForImageClassification were not initialized from the model checkpoint at facebook/deit-base-distilled-patch16-224 and are newly initialized: ['classifier.bias', 'classifier.weight']
You should probably TRAIN this model on a down-stream task to be able to use it for predictions and inference.
/home/labsig/anaconda3/envs/phd/lib/python3.9/site-packages/torch/nn/parallel/data_parallel.py:33: UserWarning: 
    There is an imbalance between your GPUs. You may want to exclude GPU 1 which
    has less than 75% of the memory or cores of GPU 0. You can do so by setting
    the device_ids argument to DataParallel, or by setting the CUDA_VISIBLE_DEVICES
    environment variable.
  warnings.warn(imbalance_warn.format(device_ids[min_pos], device_ids[max_pos]))
/home/labsig/anaconda3/envs/phd/lib/python3.9/site-packages/torch/nn/utils/weight_norm.py:30: UserWarning: torch.nn.utils.weight_norm is deprecated in favor of torch.nn.utils.parametrizations.weight_norm.
  warnings.warn("torch.nn.utils.weight_norm is deprecated in favor of torch.nn.utils.parametrizations.weight_norm.")
/home/labsig/anaconda3/envs/phd/lib/python3.9/site-packages/scipy/__init__.py:138: UserWarning: A NumPy version >=1.16.5 and <1.23.0 is required for this version of SciPy (detected version 1.26.2)
  warnings.warn(f"A NumPy version >={np_minversion} and <{np_maxversion} is required for this version of "
Some weights of DeiTForImageClassification were not initialized from the model checkpoint at facebook/deit-base-distilled-patch16-224 and are newly initialized: ['classifier.bias', 'classifier.weight']
You should probably TRAIN this model on a down-stream task to be able to use it for predictions and inference.
/home/labsig/anaconda3/envs/phd/lib/python3.9/site-packages/torch/nn/parallel/data_parallel.py:33: UserWarning: 
    There is an imbalance between your GPUs. You may want to exclude GPU 1 which
    has less than 75% of the memory or cores of GPU 0. You can do so by setting
    the device_ids argument to DataParallel, or by setting the CUDA_VISIBLE_DEVICES
    environment variable.
  warnings.warn(imbalance_warn.format(device_ids[min_pos], device_ids[max_pos]))
/home/labsig/anaconda3/envs/phd/lib/python3.9/site-packages/torch/nn/utils/weight_norm.py:30: UserWarning: torch.nn.utils.weight_norm is deprecated in favor of torch.nn.utils.parametrizations.weight_norm.
  warnings.warn("torch.nn.utils.weight_norm is deprecated in favor of torch.nn.utils.parametrizations.weight_norm.")
/home/labsig/Documents/Axelle/cytomine/cbir-tfe/database/test_accuracy.py:598: DeprecationWarning: Conversion of an array with ndim > 0 to a scalar is deprecated, and will error in future. Ensure you extract a single element from your array before performing this operation. (Deprecated NumPy 1.25.)
  top_1_acc[0][i], top_5_acc[0][i], top_1_acc[1][i], top_5_acc[1][i], top_1_acc[2][i], top_5_acc[2][i], maj_acc[0][i], maj_acc[1][i], maj_acc[2][i], ts[0][i], ts[1][i], ts[2][i], ts[3][i] =  test(model, "",  dataset, db_name, extractor, "random", generalise, project_name, class_name, False, label = label, stat = True)
/home/labsig/anaconda3/envs/phd/lib/python3.9/site-packages/scipy/__init__.py:138: UserWarning: A NumPy version >=1.16.5 and <1.23.0 is required for this version of SciPy (detected version 1.26.2)
  warnings.warn(f"A NumPy version >={np_minversion} and <{np_maxversion} is required for this version of "
Some weights of DeiTForImageClassification were not initialized from the model checkpoint at facebook/deit-base-distilled-patch16-224 and are newly initialized: ['classifier.bias', 'classifier.weight']
You should probably TRAIN this model on a down-stream task to be able to use it for predictions and inference.
/home/labsig/anaconda3/envs/phd/lib/python3.9/site-packages/torch/nn/parallel/data_parallel.py:33: UserWarning: 
    There is an imbalance between your GPUs. You may want to exclude GPU 1 which
    has less than 75% of the memory or cores of GPU 0. You can do so by setting
    the device_ids argument to DataParallel, or by setting the CUDA_VISIBLE_DEVICES
    environment variable.
  warnings.warn(imbalance_warn.format(device_ids[min_pos], device_ids[max_pos]))
/home/labsig/anaconda3/envs/phd/lib/python3.9/site-packages/torch/nn/utils/weight_norm.py:30: UserWarning: torch.nn.utils.weight_norm is deprecated in favor of torch.nn.utils.parametrizations.weight_norm.
  warnings.warn("torch.nn.utils.weight_norm is deprecated in favor of torch.nn.utils.parametrizations.weight_norm.")
/home/labsig/anaconda3/envs/phd/lib/python3.9/site-packages/scipy/__init__.py:138: UserWarning: A NumPy version >=1.16.5 and <1.23.0 is required for this version of SciPy (detected version 1.26.2)
  warnings.warn(f"A NumPy version >={np_minversion} and <{np_maxversion} is required for this version of "
Some weights of DeiTForImageClassification were not initialized from the model checkpoint at facebook/deit-base-distilled-patch16-224 and are newly initialized: ['classifier.weight', 'classifier.bias']
You should probably TRAIN this model on a down-stream task to be able to use it for predictions and inference.
/home/labsig/anaconda3/envs/phd/lib/python3.9/site-packages/torch/nn/parallel/data_parallel.py:33: UserWarning: 
    There is an imbalance between your GPUs. You may want to exclude GPU 1 which
    has less than 75% of the memory or cores of GPU 0. You can do so by setting
    the device_ids argument to DataParallel, or by setting the CUDA_VISIBLE_DEVICES
    environment variable.
  warnings.warn(imbalance_warn.format(device_ids[min_pos], device_ids[max_pos]))
/home/labsig/anaconda3/envs/phd/lib/python3.9/site-packages/torch/nn/utils/weight_norm.py:30: UserWarning: torch.nn.utils.weight_norm is deprecated in favor of torch.nn.utils.parametrizations.weight_norm.
  warnings.warn("torch.nn.utils.weight_norm is deprecated in favor of torch.nn.utils.parametrizations.weight_norm.")
